<?xml version="1.0" encoding="UTF-8"?>
<!-- Generated by org.testng.reporters.JUnitReportReporter -->
<testsuite skipped="0" hostname="EPBYMINW5224" name="onlinerSearchTestNG.Solution" tests="1" failures="0" timestamp="20 Jul 2017 10:35:03 GMT" time="12.259" errors="0">
  <testcase name="signUp" time="12.259" classname="onlinerSearchTestNG.Solution"/>
</testsuite> <!-- onlinerSearchTestNG.Solution -->
